<?xml version="1.0" encoding="UTF-8"?>
<!-- Generated by org.testng.reporters.JUnitReportReporter -->
<testsuite hostname="DESKTOP-3FO0EUP" name="com.appdragon.newtours.web.LoginTest" tests="1" failures="0" timestamp="22 Nov 2016 12:26:39 GMT" time="4.235" errors="0">
  <testcase name="login" time="4.235" classname="com.appdragon.newtours.web.LoginTest"/>
</testsuite> <!-- com.appdragon.newtours.web.LoginTest -->
